<?xml version="1.0" encoding="UTF-8"?>
<testsuite xmlns:xsi="http://www.w3.org/2001/XMLSchema-instance" xsi:noNamespaceSchemaLocation="https://maven.apache.org/surefire/maven-surefire-plugin/xsd/surefire-test-report.xsd" name="ru.netology.sqr.SQRServiceTest" time="0.031" tests="3" errors="0" skipped="0" failures="0">
  <properties>
[...]
</properties>
  <testcase name="sqrtCeilMoreRangeStart" classname="ru.netology.sqr.SQRServiceTest" time="0.031"/>
  <testcase name="sqrtCeilMinRangeStart" classname="ru.netology.sqr.SQRServiceTest" time="0"/>
  <testcase name="sqaNum" classname="ru.netology.sqr.SQRServiceTest" time="0"/>
</testsuite>